<?xml version="1.0" encoding="UTF-8"?>
<coverage generated="1691827044387" clover="3.2.0">
  <project timestamp="1691827044387" name="All files">
    <metrics statements="18" coveredstatements="17" conditionals="14" coveredconditionals="14" methods="1" coveredmethods="1" elements="33" coveredelements="32" complexity="0" loc="18" ncloc="18" packages="1" files="1" classes="1"/>
    <file name="index.ts" path="/Users/cinos81/study/hello-tsup/index.ts">
      <metrics statements="18" coveredstatements="17" conditionals="14" coveredconditionals="14" methods="1" coveredmethods="1"/>
      <line num="10" count="1" type="stmt"/>
      <line num="12" count="10" type="cond" truecount="1" falsecount="0"/>
      <line num="13" count="2" type="stmt"/>
      <line num="17" count="8" type="cond" truecount="1" falsecount="0"/>
      <line num="18" count="1" type="stmt"/>
      <line num="22" count="7" type="cond" truecount="1" falsecount="0"/>
      <line num="23" count="1" type="stmt"/>
      <line num="27" count="6" type="cond" truecount="1" falsecount="0"/>
      <line num="28" count="2" type="stmt"/>
      <line num="32" count="4" type="cond" truecount="3" falsecount="0"/>
      <line num="33" count="1" type="stmt"/>
      <line num="37" count="3" type="cond" truecount="1" falsecount="0"/>
      <line num="38" count="1" type="stmt"/>
      <line num="42" count="2" type="cond" truecount="3" falsecount="0"/>
      <line num="43" count="1" type="stmt"/>
      <line num="47" count="1" type="cond" truecount="3" falsecount="0"/>
      <line num="48" count="1" type="stmt"/>
      <line num="51" count="0" type="stmt"/>
    </file>
  </project>
</coverage>
